{"/Users/meirinapuspa/Documents/hacktiv8/phase2/IP-HCK81/server/app.js": {"path":"/Users/meirinapuspa/Documents/hacktiv8/phase2/IP-HCK81/server/app.js","statementMap":{"0":{"start":{"line":1,"column":0},"end":{"line":3,"column":1}},"1":{"start":{"line":2,"column":2},"end":{"line":2,"column":29}},"2":{"start":{"line":5,"column":16},"end":{"line":5,"column":34}},"3":{"start":{"line":6,"column":15},"end":{"line":6,"column":35}},"4":{"start":{"line":7,"column":13},"end":{"line":7,"column":28}},"5":{"start":{"line":8,"column":12},"end":{"line":8,"column":21}},"6":{"start":{"line":10,"column":0},"end":{"line":10,"column":49}},"7":{"start":{"line":11,"column":0},"end":{"line":11,"column":24}},"8":{"start":{"line":13,"column":0},"end":{"line":13,"column":16}},"9":{"start":{"line":15,"column":0},"end":{"line":15,"column":21}},"10":{"start":{"line":17,"column":0},"end":{"line":17,"column":21}}},"fnMap":{},"branchMap":{"0":{"loc":{"start":{"line":1,"column":0},"end":{"line":3,"column":1}},"type":"if","locations":[{"start":{"line":1,"column":0},"end":{"line":3,"column":1}},{"start":{},"end":{}}],"line":1}},"s":{"0":1,"1":1,"2":1,"3":1,"4":1,"5":1,"6":1,"7":1,"8":1,"9":1,"10":1},"f":{},"b":{"0":[1,0]},"_coverageSchema":"1a1c01bbd47fc00a2c39e90264f33305004495a9","hash":"c694c7821b805d34691aaacbb3ef7d8002939926"}
,"/Users/meirinapuspa/Documents/hacktiv8/phase2/IP-HCK81/server/controllers/controller.js": {"path":"/Users/meirinapuspa/Documents/hacktiv8/phase2/IP-HCK81/server/controllers/controller.js","statementMap":{"0":{"start":{"line":1,"column":42},"end":{"line":1,"column":62}},"1":{"start":{"line":2,"column":31},"end":{"line":2,"column":63}},"2":{"start":{"line":3,"column":23},"end":{"line":3,"column":49}},"3":{"start":{"line":5,"column":14},"end":{"line":5,"column":64}},"4":{"start":{"line":6,"column":14},"end":{"line":6,"column":69}},"5":{"start":{"line":10,"column":4},"end":{"line":62,"column":5}},"6":{"start":{"line":11,"column":21},"end":{"line":16,"column":8}},"7":{"start":{"line":18,"column":20},"end":{"line":20,"column":8}},"8":{"start":{"line":22,"column":21},"end":{"line":41,"column":60}},"9":{"start":{"line":42,"column":6},"end":{"line":42,"column":52}},"10":{"start":{"line":44,"column":23},"end":{"line":44,"column":58}},"11":{"start":{"line":46,"column":6},"end":{"line":46,"column":56}},"12":{"start":{"line":47,"column":28},"end":{"line":50,"column":15}},"13":{"start":{"line":51,"column":21},"end":{"line":51,"column":46}},"14":{"start":{"line":55,"column":6},"end":{"line":55,"column":52}},"15":{"start":{"line":57,"column":6},"end":{"line":57,"column":46}},"16":{"start":{"line":59,"column":6},"end":{"line":59,"column":50}},"17":{"start":{"line":61,"column":6},"end":{"line":61,"column":18}},"18":{"start":{"line":66,"column":4},"end":{"line":81,"column":5}},"19":{"start":{"line":67,"column":67},"end":{"line":67,"column":75}},"20":{"start":{"line":69,"column":19},"end":{"line":76,"column":8}},"21":{"start":{"line":78,"column":6},"end":{"line":78,"column":33}},"22":{"start":{"line":80,"column":6},"end":{"line":80,"column":18}},"23":{"start":{"line":85,"column":4},"end":{"line":113,"column":5}},"24":{"start":{"line":86,"column":21},"end":{"line":86,"column":31}},"25":{"start":{"line":88,"column":19},"end":{"line":88,"column":42}},"26":{"start":{"line":89,"column":6},"end":{"line":91,"column":7}},"27":{"start":{"line":90,"column":8},"end":{"line":90,"column":63}},"28":{"start":{"line":93,"column":67},"end":{"line":93,"column":75}},"29":{"start":{"line":95,"column":22},"end":{"line":108,"column":7}},"30":{"start":{"line":110,"column":6},"end":{"line":110,"column":42}},"31":{"start":{"line":112,"column":6},"end":{"line":112,"column":18}},"32":{"start":{"line":117,"column":4},"end":{"line":133,"column":5}},"33":{"start":{"line":118,"column":21},"end":{"line":118,"column":31}},"34":{"start":{"line":120,"column":19},"end":{"line":123,"column":8}},"35":{"start":{"line":124,"column":6},"end":{"line":124,"column":51}},"36":{"start":{"line":126,"column":6},"end":{"line":128,"column":7}},"37":{"start":{"line":127,"column":8},"end":{"line":127,"column":63}},"38":{"start":{"line":130,"column":6},"end":{"line":130,"column":33}},"39":{"start":{"line":132,"column":6},"end":{"line":132,"column":18}},"40":{"start":{"line":137,"column":4},"end":{"line":152,"column":5}},"41":{"start":{"line":138,"column":21},"end":{"line":138,"column":31}},"42":{"start":{"line":140,"column":19},"end":{"line":140,"column":42}},"43":{"start":{"line":141,"column":6},"end":{"line":143,"column":7}},"44":{"start":{"line":142,"column":8},"end":{"line":142,"column":63}},"45":{"start":{"line":145,"column":20},"end":{"line":145,"column":50}},"46":{"start":{"line":147,"column":6},"end":{"line":147,"column":27}},"47":{"start":{"line":149,"column":6},"end":{"line":149,"column":40}},"48":{"start":{"line":151,"column":6},"end":{"line":151,"column":18}},"49":{"start":{"line":156,"column":4},"end":{"line":162,"column":5}},"50":{"start":{"line":157,"column":21},"end":{"line":157,"column":42}},"51":{"start":{"line":159,"column":6},"end":{"line":159,"column":35}},"52":{"start":{"line":161,"column":6},"end":{"line":161,"column":18}},"53":{"start":{"line":166,"column":4},"end":{"line":223,"column":5}},"54":{"start":{"line":167,"column":42},"end":{"line":167,"column":50}},"55":{"start":{"line":168,"column":6},"end":{"line":168,"column":44}},"56":{"start":{"line":170,"column":23},"end":{"line":174,"column":8}},"57":{"start":{"line":176,"column":6},"end":{"line":183,"column":7}},"58":{"start":{"line":177,"column":8},"end":{"line":182,"column":11}},"59":{"start":{"line":184,"column":17},"end":{"line":187,"column":8}},"60":{"start":{"line":189,"column":22},"end":{"line":202,"column":7}},"61":{"start":{"line":204,"column":28},"end":{"line":204,"column":67}},"62":{"start":{"line":205,"column":6},"end":{"line":212,"column":8}},"63":{"start":{"line":214,"column":6},"end":{"line":218,"column":9}},"64":{"start":{"line":220,"column":6},"end":{"line":220,"column":47}},"65":{"start":{"line":222,"column":6},"end":{"line":222,"column":18}},"66":{"start":{"line":227,"column":4},"end":{"line":245,"column":5}},"67":{"start":{"line":228,"column":21},"end":{"line":228,"column":31}},"68":{"start":{"line":231,"column":20},"end":{"line":231,"column":58}},"69":{"start":{"line":232,"column":6},"end":{"line":234,"column":7}},"70":{"start":{"line":233,"column":8},"end":{"line":233,"column":64}},"71":{"start":{"line":236,"column":6},"end":{"line":238,"column":9}},"72":{"start":{"line":240,"column":6},"end":{"line":240,"column":79}},"73":{"start":{"line":242,"column":6},"end":{"line":242,"column":69}},"74":{"start":{"line":244,"column":6},"end":{"line":244,"column":18}},"75":{"start":{"line":249,"column":4},"end":{"line":259,"column":5}},"76":{"start":{"line":250,"column":21},"end":{"line":254,"column":8}},"77":{"start":{"line":256,"column":6},"end":{"line":256,"column":35}},"78":{"start":{"line":258,"column":6},"end":{"line":258,"column":18}},"79":{"start":{"line":263,"column":0},"end":{"line":263,"column":28}}},"fnMap":{"0":{"name":"(anonymous_0)","decl":{"start":{"line":9,"column":2},"end":{"line":9,"column":3}},"loc":{"start":{"line":9,"column":41},"end":{"line":63,"column":3}},"line":9},"1":{"name":"(anonymous_1)","decl":{"start":{"line":65,"column":2},"end":{"line":65,"column":3}},"loc":{"start":{"line":65,"column":42},"end":{"line":82,"column":3}},"line":65},"2":{"name":"(anonymous_2)","decl":{"start":{"line":84,"column":2},"end":{"line":84,"column":3}},"loc":{"start":{"line":84,"column":42},"end":{"line":114,"column":3}},"line":84},"3":{"name":"(anonymous_3)","decl":{"start":{"line":116,"column":2},"end":{"line":116,"column":3}},"loc":{"start":{"line":116,"column":42},"end":{"line":134,"column":3}},"line":116},"4":{"name":"(anonymous_4)","decl":{"start":{"line":136,"column":2},"end":{"line":136,"column":3}},"loc":{"start":{"line":136,"column":42},"end":{"line":153,"column":3}},"line":136},"5":{"name":"(anonymous_5)","decl":{"start":{"line":155,"column":2},"end":{"line":155,"column":3}},"loc":{"start":{"line":155,"column":42},"end":{"line":163,"column":3}},"line":155},"6":{"name":"(anonymous_6)","decl":{"start":{"line":165,"column":2},"end":{"line":165,"column":3}},"loc":{"start":{"line":165,"column":41},"end":{"line":224,"column":3}},"line":165},"7":{"name":"(anonymous_7)","decl":{"start":{"line":226,"column":2},"end":{"line":226,"column":3}},"loc":{"start":{"line":226,"column":43},"end":{"line":246,"column":3}},"line":226},"8":{"name":"(anonymous_8)","decl":{"start":{"line":248,"column":2},"end":{"line":248,"column":3}},"loc":{"start":{"line":248,"column":42},"end":{"line":260,"column":3}},"line":248}},"branchMap":{"0":{"loc":{"start":{"line":89,"column":6},"end":{"line":91,"column":7}},"type":"if","locations":[{"start":{"line":89,"column":6},"end":{"line":91,"column":7}},{"start":{},"end":{}}],"line":89},"1":{"loc":{"start":{"line":126,"column":6},"end":{"line":128,"column":7}},"type":"if","locations":[{"start":{"line":126,"column":6},"end":{"line":128,"column":7}},{"start":{},"end":{}}],"line":126},"2":{"loc":{"start":{"line":141,"column":6},"end":{"line":143,"column":7}},"type":"if","locations":[{"start":{"line":141,"column":6},"end":{"line":143,"column":7}},{"start":{},"end":{}}],"line":141},"3":{"loc":{"start":{"line":232,"column":6},"end":{"line":234,"column":7}},"type":"if","locations":[{"start":{"line":232,"column":6},"end":{"line":234,"column":7}},{"start":{},"end":{}}],"line":232}},"s":{"0":1,"1":1,"2":1,"3":1,"4":1,"5":1,"6":1,"7":1,"8":1,"9":1,"10":1,"11":1,"12":1,"13":1,"14":1,"15":1,"16":0,"17":0,"18":7,"19":7,"20":7,"21":1,"22":6,"23":3,"24":3,"25":3,"26":3,"27":1,"28":2,"29":2,"30":1,"31":2,"32":2,"33":2,"34":2,"35":2,"36":2,"37":1,"38":1,"39":1,"40":2,"41":2,"42":2,"43":2,"44":1,"45":1,"46":1,"47":1,"48":1,"49":0,"50":0,"51":0,"52":0,"53":2,"54":2,"55":2,"56":2,"57":2,"58":3,"59":2,"60":2,"61":2,"62":0,"63":0,"64":2,"65":2,"66":1,"67":1,"68":1,"69":1,"70":1,"71":0,"72":0,"73":1,"74":1,"75":2,"76":2,"77":2,"78":0,"79":1},"f":{"0":1,"1":7,"2":3,"3":2,"4":2,"5":0,"6":2,"7":1,"8":2},"b":{"0":[1,2],"1":[1,1],"2":[1,1],"3":[1,0]},"_coverageSchema":"1a1c01bbd47fc00a2c39e90264f33305004495a9","hash":"6703e800b46b3367c5456ad2aee955d9c147e4d1"}
,"/Users/meirinapuspa/Documents/hacktiv8/phase2/IP-HCK81/server/controllers/userController.js": {"path":"/Users/meirinapuspa/Documents/hacktiv8/phase2/IP-HCK81/server/controllers/userController.js","statementMap":{"0":{"start":{"line":1,"column":28},"end":{"line":1,"column":56}},"1":{"start":{"line":2,"column":22},"end":{"line":2,"column":47}},"2":{"start":{"line":3,"column":17},"end":{"line":3,"column":37}},"3":{"start":{"line":4,"column":25},"end":{"line":4,"column":55}},"4":{"start":{"line":6,"column":15},"end":{"line":6,"column":33}},"5":{"start":{"line":10,"column":4},"end":{"line":32,"column":5}},"6":{"start":{"line":12,"column":8},"end":{"line":12,"column":16}},"7":{"start":{"line":14,"column":19},"end":{"line":21,"column":8}},"8":{"start":{"line":23,"column":6},"end":{"line":29,"column":9}},"9":{"start":{"line":31,"column":6},"end":{"line":31,"column":18}},"10":{"start":{"line":36,"column":4},"end":{"line":70,"column":5}},"11":{"start":{"line":37,"column":34},"end":{"line":37,"column":42}},"12":{"start":{"line":39,"column":6},"end":{"line":41,"column":7}},"13":{"start":{"line":40,"column":8},"end":{"line":40,"column":68}},"14":{"start":{"line":43,"column":6},"end":{"line":45,"column":7}},"15":{"start":{"line":44,"column":8},"end":{"line":44,"column":71}},"16":{"start":{"line":47,"column":19},"end":{"line":51,"column":8}},"17":{"start":{"line":53,"column":6},"end":{"line":55,"column":7}},"18":{"start":{"line":54,"column":8},"end":{"line":54,"column":78}},"19":{"start":{"line":57,"column":30},"end":{"line":57,"column":70}},"20":{"start":{"line":58,"column":6},"end":{"line":60,"column":7}},"21":{"start":{"line":59,"column":8},"end":{"line":59,"column":78}},"22":{"start":{"line":61,"column":6},"end":{"line":61,"column":48}},"23":{"start":{"line":63,"column":6},"end":{"line":63,"column":22}},"24":{"start":{"line":65,"column":27},"end":{"line":65,"column":78}},"25":{"start":{"line":67,"column":6},"end":{"line":67,"column":79}},"26":{"start":{"line":69,"column":6},"end":{"line":69,"column":18}},"27":{"start":{"line":74,"column":4},"end":{"line":110,"column":5}},"28":{"start":{"line":75,"column":30},"end":{"line":75,"column":38}},"29":{"start":{"line":76,"column":6},"end":{"line":78,"column":7}},"30":{"start":{"line":77,"column":8},"end":{"line":77,"column":74}},"31":{"start":{"line":80,"column":21},"end":{"line":83,"column":8}},"32":{"start":{"line":85,"column":22},"end":{"line":85,"column":41}},"33":{"start":{"line":88,"column":8},"end":{"line":88,"column":79}},"34":{"start":{"line":90,"column":21},"end":{"line":103,"column":8}},"35":{"start":{"line":105,"column":27},"end":{"line":105,"column":53}},"36":{"start":{"line":107,"column":6},"end":{"line":107,"column":96}},"37":{"start":{"line":109,"column":6},"end":{"line":109,"column":18}},"38":{"start":{"line":114,"column":0},"end":{"line":114,"column":32}}},"fnMap":{"0":{"name":"(anonymous_0)","decl":{"start":{"line":9,"column":2},"end":{"line":9,"column":3}},"loc":{"start":{"line":9,"column":40},"end":{"line":33,"column":3}},"line":9},"1":{"name":"(anonymous_1)","decl":{"start":{"line":35,"column":2},"end":{"line":35,"column":3}},"loc":{"start":{"line":35,"column":37},"end":{"line":71,"column":3}},"line":35},"2":{"name":"(anonymous_2)","decl":{"start":{"line":73,"column":2},"end":{"line":73,"column":3}},"loc":{"start":{"line":73,"column":43},"end":{"line":111,"column":3}},"line":73}},"branchMap":{"0":{"loc":{"start":{"line":39,"column":6},"end":{"line":41,"column":7}},"type":"if","locations":[{"start":{"line":39,"column":6},"end":{"line":41,"column":7}},{"start":{},"end":{}}],"line":39},"1":{"loc":{"start":{"line":43,"column":6},"end":{"line":45,"column":7}},"type":"if","locations":[{"start":{"line":43,"column":6},"end":{"line":45,"column":7}},{"start":{},"end":{}}],"line":43},"2":{"loc":{"start":{"line":53,"column":6},"end":{"line":55,"column":7}},"type":"if","locations":[{"start":{"line":53,"column":6},"end":{"line":55,"column":7}},{"start":{},"end":{}}],"line":53},"3":{"loc":{"start":{"line":58,"column":6},"end":{"line":60,"column":7}},"type":"if","locations":[{"start":{"line":58,"column":6},"end":{"line":60,"column":7}},{"start":{},"end":{}}],"line":58},"4":{"loc":{"start":{"line":76,"column":6},"end":{"line":78,"column":7}},"type":"if","locations":[{"start":{"line":76,"column":6},"end":{"line":78,"column":7}},{"start":{},"end":{}}],"line":76}},"s":{"0":1,"1":1,"2":1,"3":1,"4":1,"5":9,"6":9,"7":9,"8":1,"9":8,"10":5,"11":5,"12":5,"13":1,"14":4,"15":1,"16":3,"17":3,"18":1,"19":2,"20":2,"21":1,"22":1,"23":1,"24":1,"25":1,"26":4,"27":1,"28":1,"29":1,"30":1,"31":0,"32":0,"33":0,"34":0,"35":0,"36":0,"37":1,"38":1},"f":{"0":9,"1":5,"2":1},"b":{"0":[1,4],"1":[1,3],"2":[1,2],"3":[1,1],"4":[1,0]},"_coverageSchema":"1a1c01bbd47fc00a2c39e90264f33305004495a9","hash":"f7ab00c0cf6b7e2c72a55b8f8bbf36548cce2f99"}
,"/Users/meirinapuspa/Documents/hacktiv8/phase2/IP-HCK81/server/helpers/bcrypt.js": {"path":"/Users/meirinapuspa/Documents/hacktiv8/phase2/IP-HCK81/server/helpers/bcrypt.js","statementMap":{"0":{"start":{"line":1,"column":15},"end":{"line":1,"column":32}},"1":{"start":{"line":4,"column":15},"end":{"line":4,"column":37}},"2":{"start":{"line":5,"column":15},"end":{"line":5,"column":45}},"3":{"start":{"line":7,"column":2},"end":{"line":7,"column":14}},"4":{"start":{"line":11,"column":2},"end":{"line":11,"column":53}},"5":{"start":{"line":14,"column":0},"end":{"line":17,"column":2}}},"fnMap":{"0":{"name":"hashPassword","decl":{"start":{"line":3,"column":9},"end":{"line":3,"column":21}},"loc":{"start":{"line":3,"column":31},"end":{"line":8,"column":1}},"line":3},"1":{"name":"comparePassword","decl":{"start":{"line":10,"column":9},"end":{"line":10,"column":24}},"loc":{"start":{"line":10,"column":50},"end":{"line":12,"column":1}},"line":10}},"branchMap":{},"s":{"0":1,"1":5,"2":5,"3":5,"4":2,"5":1},"f":{"0":5,"1":2},"b":{},"_coverageSchema":"1a1c01bbd47fc00a2c39e90264f33305004495a9","hash":"096634b79ed209c015a83ccf903e5b713e8243a3"}
,"/Users/meirinapuspa/Documents/hacktiv8/phase2/IP-HCK81/server/helpers/jwt.js": {"path":"/Users/meirinapuspa/Documents/hacktiv8/phase2/IP-HCK81/server/helpers/jwt.js","statementMap":{"0":{"start":{"line":1,"column":12},"end":{"line":1,"column":35}},"1":{"start":{"line":3,"column":18},"end":{"line":5,"column":1}},"2":{"start":{"line":4,"column":2},"end":{"line":4,"column":51}},"3":{"start":{"line":7,"column":20},"end":{"line":9,"column":1}},"4":{"start":{"line":8,"column":2},"end":{"line":8,"column":51}},"5":{"start":{"line":11,"column":0},"end":{"line":14,"column":2}}},"fnMap":{"0":{"name":"(anonymous_0)","decl":{"start":{"line":3,"column":18},"end":{"line":3,"column":19}},"loc":{"start":{"line":3,"column":31},"end":{"line":5,"column":1}},"line":3},"1":{"name":"(anonymous_1)","decl":{"start":{"line":7,"column":20},"end":{"line":7,"column":21}},"loc":{"start":{"line":7,"column":31},"end":{"line":9,"column":1}},"line":7}},"branchMap":{},"s":{"0":1,"1":1,"2":4,"3":1,"4":24,"5":1},"f":{"0":4,"1":24},"b":{},"_coverageSchema":"1a1c01bbd47fc00a2c39e90264f33305004495a9","hash":"d7589bdb7ac288d07b979da7e9281cc54c57003e"}
,"/Users/meirinapuspa/Documents/hacktiv8/phase2/IP-HCK81/server/middlewares/authentication.js": {"path":"/Users/meirinapuspa/Documents/hacktiv8/phase2/IP-HCK81/server/middlewares/authentication.js","statementMap":{"0":{"start":{"line":1,"column":17},"end":{"line":1,"column":37}},"1":{"start":{"line":2,"column":24},"end":{"line":2,"column":49}},"2":{"start":{"line":5,"column":2},"end":{"line":29,"column":3}},"3":{"start":{"line":6,"column":26},"end":{"line":6,"column":51}},"4":{"start":{"line":8,"column":4},"end":{"line":10,"column":5}},"5":{"start":{"line":9,"column":6},"end":{"line":9,"column":63}},"6":{"start":{"line":12,"column":21},"end":{"line":12,"column":45}},"7":{"start":{"line":13,"column":4},"end":{"line":15,"column":5}},"8":{"start":{"line":14,"column":6},"end":{"line":14,"column":63}},"9":{"start":{"line":17,"column":20},"end":{"line":17,"column":44}},"10":{"start":{"line":19,"column":17},"end":{"line":19,"column":48}},"11":{"start":{"line":20,"column":4},"end":{"line":22,"column":5}},"12":{"start":{"line":21,"column":6},"end":{"line":21,"column":63}},"13":{"start":{"line":24,"column":4},"end":{"line":24,"column":20}},"14":{"start":{"line":26,"column":4},"end":{"line":26,"column":11}},"15":{"start":{"line":28,"column":4},"end":{"line":28,"column":16}},"16":{"start":{"line":32,"column":0},"end":{"line":32,"column":32}}},"fnMap":{"0":{"name":"authentication","decl":{"start":{"line":4,"column":15},"end":{"line":4,"column":29}},"loc":{"start":{"line":4,"column":46},"end":{"line":30,"column":1}},"line":4}},"branchMap":{"0":{"loc":{"start":{"line":8,"column":4},"end":{"line":10,"column":5}},"type":"if","locations":[{"start":{"line":8,"column":4},"end":{"line":10,"column":5}},{"start":{},"end":{}}],"line":8},"1":{"loc":{"start":{"line":13,"column":4},"end":{"line":15,"column":5}},"type":"if","locations":[{"start":{"line":13,"column":4},"end":{"line":15,"column":5}},{"start":{},"end":{}}],"line":13},"2":{"loc":{"start":{"line":13,"column":8},"end":{"line":13,"column":47}},"type":"binary-expr","locations":[{"start":{"line":13,"column":8},"end":{"line":13,"column":32}},{"start":{"line":13,"column":36},"end":{"line":13,"column":47}}],"line":13},"3":{"loc":{"start":{"line":20,"column":4},"end":{"line":22,"column":5}},"type":"if","locations":[{"start":{"line":20,"column":4},"end":{"line":22,"column":5}},{"start":{},"end":{}}],"line":20}},"s":{"0":1,"1":1,"2":31,"3":31,"4":31,"5":7,"6":24,"7":24,"8":0,"9":24,"10":21,"11":21,"12":0,"13":21,"14":21,"15":10,"16":1},"f":{"0":31},"b":{"0":[7,24],"1":[0,24],"2":[24,0],"3":[0,21]},"_coverageSchema":"1a1c01bbd47fc00a2c39e90264f33305004495a9","hash":"18f859d11a25c1020cc70905e2e4b6cf373af41f"}
,"/Users/meirinapuspa/Documents/hacktiv8/phase2/IP-HCK81/server/middlewares/errorHandler.js": {"path":"/Users/meirinapuspa/Documents/hacktiv8/phase2/IP-HCK81/server/middlewares/errorHandler.js","statementMap":{"0":{"start":{"line":2,"column":2},"end":{"line":31,"column":3}},"1":{"start":{"line":5,"column":6},"end":{"line":5,"column":63}},"2":{"start":{"line":6,"column":6},"end":{"line":6,"column":13}},"3":{"start":{"line":9,"column":6},"end":{"line":9,"column":53}},"4":{"start":{"line":10,"column":6},"end":{"line":10,"column":13}},"5":{"start":{"line":13,"column":6},"end":{"line":13,"column":53}},"6":{"start":{"line":14,"column":6},"end":{"line":14,"column":13}},"7":{"start":{"line":17,"column":6},"end":{"line":17,"column":53}},"8":{"start":{"line":18,"column":6},"end":{"line":18,"column":13}},"9":{"start":{"line":21,"column":6},"end":{"line":21,"column":57}},"10":{"start":{"line":22,"column":6},"end":{"line":22,"column":13}},"11":{"start":{"line":25,"column":6},"end":{"line":25,"column":53}},"12":{"start":{"line":26,"column":6},"end":{"line":26,"column":13}},"13":{"start":{"line":29,"column":6},"end":{"line":29,"column":65}},"14":{"start":{"line":30,"column":6},"end":{"line":30,"column":13}},"15":{"start":{"line":34,"column":0},"end":{"line":34,"column":30}}},"fnMap":{"0":{"name":"errorHandler","decl":{"start":{"line":1,"column":9},"end":{"line":1,"column":21}},"loc":{"start":{"line":1,"column":43},"end":{"line":32,"column":1}},"line":1}},"branchMap":{"0":{"loc":{"start":{"line":2,"column":2},"end":{"line":31,"column":3}},"type":"switch","locations":[{"start":{"line":3,"column":4},"end":{"line":3,"column":36}},{"start":{"line":4,"column":4},"end":{"line":6,"column":13}},{"start":{"line":8,"column":4},"end":{"line":10,"column":13}},{"start":{"line":12,"column":4},"end":{"line":14,"column":13}},{"start":{"line":16,"column":4},"end":{"line":18,"column":13}},{"start":{"line":20,"column":4},"end":{"line":22,"column":13}},{"start":{"line":24,"column":4},"end":{"line":26,"column":13}},{"start":{"line":28,"column":4},"end":{"line":30,"column":13}}],"line":2}},"s":{"0":36,"1":15,"2":15,"3":3,"4":3,"5":2,"6":2,"7":7,"8":7,"9":3,"10":3,"11":4,"12":4,"13":2,"14":2,"15":1},"f":{"0":36},"b":{"0":[14,15,3,2,7,3,4,2]},"_coverageSchema":"1a1c01bbd47fc00a2c39e90264f33305004495a9","hash":"7b6c1872aedff50a7fc0a8042cdcf5ad0bed5c39"}
,"/Users/meirinapuspa/Documents/hacktiv8/phase2/IP-HCK81/server/models/book.js": {"path":"/Users/meirinapuspa/Documents/hacktiv8/phase2/IP-HCK81/server/models/book.js","statementMap":{"0":{"start":{"line":2,"column":18},"end":{"line":2,"column":38}},"1":{"start":{"line":3,"column":0},"end":{"line":91,"column":2}},"2":{"start":{"line":12,"column":6},"end":{"line":12,"column":62}},"3":{"start":{"line":15,"column":2},"end":{"line":89,"column":4}},"4":{"start":{"line":90,"column":2},"end":{"line":90,"column":14}}},"fnMap":{"0":{"name":"(anonymous_0)","decl":{"start":{"line":3,"column":17},"end":{"line":3,"column":18}},"loc":{"start":{"line":3,"column":43},"end":{"line":91,"column":1}},"line":3},"1":{"name":"(anonymous_1)","decl":{"start":{"line":10,"column":4},"end":{"line":10,"column":5}},"loc":{"start":{"line":10,"column":29},"end":{"line":13,"column":5}},"line":10}},"branchMap":{},"s":{"0":1,"1":1,"2":1,"3":1,"4":1},"f":{"0":1,"1":1},"b":{},"_coverageSchema":"1a1c01bbd47fc00a2c39e90264f33305004495a9","hash":"88f9c421ce169b3d687c1f8d95640170772e9bc0"}
,"/Users/meirinapuspa/Documents/hacktiv8/phase2/IP-HCK81/server/models/genre.js": {"path":"/Users/meirinapuspa/Documents/hacktiv8/phase2/IP-HCK81/server/models/genre.js","statementMap":{"0":{"start":{"line":2,"column":18},"end":{"line":2,"column":38}},"1":{"start":{"line":3,"column":0},"end":{"line":36,"column":2}},"2":{"start":{"line":12,"column":6},"end":{"line":12,"column":60}},"3":{"start":{"line":15,"column":2},"end":{"line":34,"column":4}},"4":{"start":{"line":35,"column":2},"end":{"line":35,"column":15}}},"fnMap":{"0":{"name":"(anonymous_0)","decl":{"start":{"line":3,"column":17},"end":{"line":3,"column":18}},"loc":{"start":{"line":3,"column":43},"end":{"line":36,"column":1}},"line":3},"1":{"name":"(anonymous_1)","decl":{"start":{"line":10,"column":4},"end":{"line":10,"column":5}},"loc":{"start":{"line":10,"column":29},"end":{"line":13,"column":5}},"line":10}},"branchMap":{},"s":{"0":1,"1":1,"2":1,"3":1,"4":1},"f":{"0":1,"1":1},"b":{},"_coverageSchema":"1a1c01bbd47fc00a2c39e90264f33305004495a9","hash":"71440af39fb4d5b1834baa22c9132555d0739745"}
,"/Users/meirinapuspa/Documents/hacktiv8/phase2/IP-HCK81/server/models/index.js": {"path":"/Users/meirinapuspa/Documents/hacktiv8/phase2/IP-HCK81/server/models/index.js","statementMap":{"0":{"start":{"line":3,"column":11},"end":{"line":3,"column":24}},"1":{"start":{"line":4,"column":13},"end":{"line":4,"column":28}},"2":{"start":{"line":5,"column":18},"end":{"line":5,"column":38}},"3":{"start":{"line":6,"column":16},"end":{"line":6,"column":34}},"4":{"start":{"line":7,"column":17},"end":{"line":7,"column":42}},"5":{"start":{"line":8,"column":12},"end":{"line":8,"column":49}},"6":{"start":{"line":9,"column":15},"end":{"line":9,"column":65}},"7":{"start":{"line":10,"column":11},"end":{"line":10,"column":13}},"8":{"start":{"line":13,"column":0},"end":{"line":22,"column":1}},"9":{"start":{"line":14,"column":2},"end":{"line":14,"column":74}},"10":{"start":{"line":16,"column":2},"end":{"line":21,"column":4}},"11":{"start":{"line":24,"column":0},"end":{"line":39,"column":5}},"12":{"start":{"line":26,"column":4},"end":{"line":31,"column":6}},"13":{"start":{"line":34,"column":18},"end":{"line":37,"column":5}},"14":{"start":{"line":38,"column":4},"end":{"line":38,"column":27}},"15":{"start":{"line":41,"column":0},"end":{"line":45,"column":3}},"16":{"start":{"line":42,"column":2},"end":{"line":44,"column":3}},"17":{"start":{"line":43,"column":4},"end":{"line":43,"column":32}},"18":{"start":{"line":47,"column":0},"end":{"line":47,"column":25}},"19":{"start":{"line":48,"column":0},"end":{"line":48,"column":25}},"20":{"start":{"line":50,"column":0},"end":{"line":50,"column":20}}},"fnMap":{"0":{"name":"(anonymous_0)","decl":{"start":{"line":25,"column":10},"end":{"line":25,"column":11}},"loc":{"start":{"line":25,"column":20},"end":{"line":32,"column":3}},"line":25},"1":{"name":"(anonymous_1)","decl":{"start":{"line":33,"column":11},"end":{"line":33,"column":12}},"loc":{"start":{"line":33,"column":21},"end":{"line":39,"column":3}},"line":33},"2":{"name":"(anonymous_2)","decl":{"start":{"line":41,"column":24},"end":{"line":41,"column":25}},"loc":{"start":{"line":41,"column":39},"end":{"line":45,"column":1}},"line":41}},"branchMap":{"0":{"loc":{"start":{"line":8,"column":12},"end":{"line":8,"column":49}},"type":"binary-expr","locations":[{"start":{"line":8,"column":12},"end":{"line":8,"column":32}},{"start":{"line":8,"column":36},"end":{"line":8,"column":49}}],"line":8},"1":{"loc":{"start":{"line":13,"column":0},"end":{"line":22,"column":1}},"type":"if","locations":[{"start":{"line":13,"column":0},"end":{"line":22,"column":1}},{"start":{"line":15,"column":7},"end":{"line":22,"column":1}}],"line":13},"2":{"loc":{"start":{"line":27,"column":6},"end":{"line":30,"column":37}},"type":"binary-expr","locations":[{"start":{"line":27,"column":6},"end":{"line":27,"column":29}},{"start":{"line":28,"column":6},"end":{"line":28,"column":23}},{"start":{"line":29,"column":6},"end":{"line":29,"column":30}},{"start":{"line":30,"column":6},"end":{"line":30,"column":37}}],"line":27},"3":{"loc":{"start":{"line":42,"column":2},"end":{"line":44,"column":3}},"type":"if","locations":[{"start":{"line":42,"column":2},"end":{"line":44,"column":3}},{"start":{},"end":{}}],"line":42}},"s":{"0":1,"1":1,"2":1,"3":1,"4":1,"5":1,"6":1,"7":1,"8":1,"9":0,"10":1,"11":1,"12":6,"13":5,"14":5,"15":1,"16":5,"17":5,"18":1,"19":1,"20":1},"f":{"0":6,"1":5,"2":5},"b":{"0":[1,0],"1":[0,1],"2":[6,6,5,5],"3":[5,0]},"_coverageSchema":"1a1c01bbd47fc00a2c39e90264f33305004495a9","hash":"ce7572c3b1e3f4f7f4989a76dfd28c0dc5858d09"}
,"/Users/meirinapuspa/Documents/hacktiv8/phase2/IP-HCK81/server/models/order.js": {"path":"/Users/meirinapuspa/Documents/hacktiv8/phase2/IP-HCK81/server/models/order.js","statementMap":{"0":{"start":{"line":2,"column":18},"end":{"line":2,"column":38}},"1":{"start":{"line":3,"column":0},"end":{"line":75,"column":2}},"2":{"start":{"line":12,"column":6},"end":{"line":12,"column":61}},"3":{"start":{"line":13,"column":6},"end":{"line":13,"column":65}},"4":{"start":{"line":16,"column":2},"end":{"line":73,"column":4}},"5":{"start":{"line":74,"column":2},"end":{"line":74,"column":15}}},"fnMap":{"0":{"name":"(anonymous_0)","decl":{"start":{"line":3,"column":17},"end":{"line":3,"column":18}},"loc":{"start":{"line":3,"column":43},"end":{"line":75,"column":1}},"line":3},"1":{"name":"(anonymous_1)","decl":{"start":{"line":10,"column":4},"end":{"line":10,"column":5}},"loc":{"start":{"line":10,"column":29},"end":{"line":14,"column":5}},"line":10}},"branchMap":{},"s":{"0":1,"1":1,"2":1,"3":1,"4":1,"5":1},"f":{"0":1,"1":1},"b":{},"_coverageSchema":"1a1c01bbd47fc00a2c39e90264f33305004495a9","hash":"e11dab9947263f331eba41fcc88c4de902f26fa2"}
,"/Users/meirinapuspa/Documents/hacktiv8/phase2/IP-HCK81/server/models/orderitem.js": {"path":"/Users/meirinapuspa/Documents/hacktiv8/phase2/IP-HCK81/server/models/orderitem.js","statementMap":{"0":{"start":{"line":2,"column":18},"end":{"line":2,"column":38}},"1":{"start":{"line":3,"column":0},"end":{"line":81,"column":2}},"2":{"start":{"line":12,"column":6},"end":{"line":12,"column":67}},"3":{"start":{"line":13,"column":6},"end":{"line":13,"column":65}},"4":{"start":{"line":16,"column":2},"end":{"line":79,"column":4}},"5":{"start":{"line":80,"column":2},"end":{"line":80,"column":19}}},"fnMap":{"0":{"name":"(anonymous_0)","decl":{"start":{"line":3,"column":17},"end":{"line":3,"column":18}},"loc":{"start":{"line":3,"column":43},"end":{"line":81,"column":1}},"line":3},"1":{"name":"(anonymous_1)","decl":{"start":{"line":10,"column":4},"end":{"line":10,"column":5}},"loc":{"start":{"line":10,"column":29},"end":{"line":14,"column":5}},"line":10}},"branchMap":{},"s":{"0":1,"1":1,"2":1,"3":1,"4":1,"5":1},"f":{"0":1,"1":1},"b":{},"_coverageSchema":"1a1c01bbd47fc00a2c39e90264f33305004495a9","hash":"1ac139cd7705408ed2acb352861dfcb36a9bae13"}
,"/Users/meirinapuspa/Documents/hacktiv8/phase2/IP-HCK81/server/models/user.js": {"path":"/Users/meirinapuspa/Documents/hacktiv8/phase2/IP-HCK81/server/models/user.js","statementMap":{"0":{"start":{"line":2,"column":18},"end":{"line":2,"column":38}},"1":{"start":{"line":3,"column":25},"end":{"line":3,"column":53}},"2":{"start":{"line":4,"column":0},"end":{"line":122,"column":2}},"3":{"start":{"line":13,"column":6},"end":{"line":13,"column":59}},"4":{"start":{"line":16,"column":2},"end":{"line":120,"column":4}},"5":{"start":{"line":116,"column":10},"end":{"line":116,"column":56}},"6":{"start":{"line":121,"column":2},"end":{"line":121,"column":14}}},"fnMap":{"0":{"name":"(anonymous_0)","decl":{"start":{"line":4,"column":17},"end":{"line":4,"column":18}},"loc":{"start":{"line":4,"column":43},"end":{"line":122,"column":1}},"line":4},"1":{"name":"(anonymous_1)","decl":{"start":{"line":11,"column":4},"end":{"line":11,"column":5}},"loc":{"start":{"line":11,"column":29},"end":{"line":14,"column":5}},"line":11},"2":{"name":"(anonymous_2)","decl":{"start":{"line":115,"column":8},"end":{"line":115,"column":9}},"loc":{"start":{"line":115,"column":36},"end":{"line":117,"column":9}},"line":115}},"branchMap":{},"s":{"0":1,"1":1,"2":1,"3":1,"4":1,"5":5,"6":1},"f":{"0":1,"1":1,"2":5},"b":{},"_coverageSchema":"1a1c01bbd47fc00a2c39e90264f33305004495a9","hash":"cf6185a0c68aa86850ef1a70165c59c0e3a84336"}
,"/Users/meirinapuspa/Documents/hacktiv8/phase2/IP-HCK81/server/routers/index.js": {"path":"/Users/meirinapuspa/Documents/hacktiv8/phase2/IP-HCK81/server/routers/index.js","statementMap":{"0":{"start":{"line":1,"column":16},"end":{"line":1,"column":34}},"1":{"start":{"line":2,"column":21},"end":{"line":2,"column":59}},"2":{"start":{"line":3,"column":23},"end":{"line":3,"column":63}},"3":{"start":{"line":4,"column":23},"end":{"line":4,"column":63}},"4":{"start":{"line":5,"column":19},"end":{"line":5,"column":55}},"5":{"start":{"line":6,"column":15},"end":{"line":6,"column":31}},"6":{"start":{"line":8,"column":0},"end":{"line":8,"column":50}},"7":{"start":{"line":9,"column":0},"end":{"line":9,"column":44}},"8":{"start":{"line":10,"column":0},"end":{"line":10,"column":57}},"9":{"start":{"line":12,"column":0},"end":{"line":16,"column":3}},"10":{"start":{"line":13,"column":2},"end":{"line":15,"column":5}},"11":{"start":{"line":17,"column":0},"end":{"line":17,"column":27}},"12":{"start":{"line":19,"column":0},"end":{"line":19,"column":43}},"13":{"start":{"line":21,"column":0},"end":{"line":21,"column":45}},"14":{"start":{"line":23,"column":0},"end":{"line":23,"column":48}},"15":{"start":{"line":25,"column":0},"end":{"line":25,"column":48}},"16":{"start":{"line":27,"column":0},"end":{"line":27,"column":51}},"17":{"start":{"line":29,"column":0},"end":{"line":29,"column":45}},"18":{"start":{"line":31,"column":0},"end":{"line":31,"column":45}},"19":{"start":{"line":33,"column":0},"end":{"line":33,"column":52}},"20":{"start":{"line":35,"column":0},"end":{"line":35,"column":45}},"21":{"start":{"line":37,"column":0},"end":{"line":37,"column":25}},"22":{"start":{"line":39,"column":0},"end":{"line":39,"column":24}}},"fnMap":{"0":{"name":"(anonymous_0)","decl":{"start":{"line":12,"column":16},"end":{"line":12,"column":17}},"loc":{"start":{"line":12,"column":30},"end":{"line":16,"column":1}},"line":12}},"branchMap":{},"s":{"0":1,"1":1,"2":1,"3":1,"4":1,"5":1,"6":1,"7":1,"8":1,"9":1,"10":1,"11":1,"12":1,"13":1,"14":1,"15":1,"16":1,"17":1,"18":1,"19":1,"20":1,"21":1,"22":1},"f":{"0":1},"b":{},"_coverageSchema":"1a1c01bbd47fc00a2c39e90264f33305004495a9","hash":"ad762b271c29bf869c6a9011a0469d0a86caf094"}
}
