TN:
SF:app.js
FNF:0
FNH:0
DA:1,1
DA:2,1
DA:5,1
DA:6,1
DA:7,1
DA:8,1
DA:10,1
DA:11,1
DA:13,1
DA:15,1
DA:17,1
LF:11
LH:11
BRDA:1,0,0,1
BRDA:1,0,1,0
BRF:2
BRH:1
end_of_record
TN:
SF:controllers/controller.js
FN:9,(anonymous_0)
FN:65,(anonymous_1)
FN:84,(anonymous_2)
FN:116,(anonymous_3)
FN:136,(anonymous_4)
FN:155,(anonymous_5)
FN:165,(anonymous_6)
FN:226,(anonymous_7)
FN:248,(anonymous_8)
FNF:9
FNH:8
FNDA:1,(anonymous_0)
FNDA:7,(anonymous_1)
FNDA:3,(anonymous_2)
FNDA:2,(anonymous_3)
FNDA:2,(anonymous_4)
FNDA:0,(anonymous_5)
FNDA:2,(anonymous_6)
FNDA:2,(anonymous_7)
FNDA:2,(anonymous_8)
DA:1,1
DA:2,1
DA:3,1
DA:5,1
DA:6,1
DA:10,1
DA:11,1
DA:18,1
DA:22,1
DA:42,1
DA:44,1
DA:46,1
DA:47,1
DA:51,1
DA:55,1
DA:57,1
DA:59,0
DA:61,0
DA:66,7
DA:67,7
DA:69,7
DA:78,1
DA:80,6
DA:85,3
DA:86,3
DA:88,3
DA:89,3
DA:90,1
DA:93,2
DA:95,2
DA:110,1
DA:112,2
DA:117,2
DA:118,2
DA:120,2
DA:124,2
DA:126,2
DA:127,1
DA:130,1
DA:132,1
DA:137,2
DA:138,2
DA:140,2
DA:141,2
DA:142,1
DA:145,1
DA:147,1
DA:149,1
DA:151,1
DA:156,0
DA:157,0
DA:159,0
DA:161,0
DA:166,2
DA:167,2
DA:168,2
DA:170,2
DA:176,2
DA:177,3
DA:184,2
DA:189,2
DA:204,2
DA:205,2
DA:214,2
DA:220,0
DA:222,0
DA:227,2
DA:228,2
DA:231,2
DA:232,2
DA:233,1
DA:236,1
DA:240,1
DA:242,1
DA:244,1
DA:249,2
DA:250,2
DA:256,2
DA:258,0
DA:263,1
LF:80
LH:71
BRDA:89,0,0,1
BRDA:89,0,1,2
BRDA:126,1,0,1
BRDA:126,1,1,1
BRDA:141,2,0,1
BRDA:141,2,1,1
BRDA:232,3,0,1
BRDA:232,3,1,1
BRF:8
BRH:8
end_of_record
TN:
SF:controllers/userController.js
FN:9,(anonymous_0)
FN:35,(anonymous_1)
FN:73,(anonymous_2)
FNF:3
FNH:3
FNDA:9,(anonymous_0)
FNDA:5,(anonymous_1)
FNDA:1,(anonymous_2)
DA:1,1
DA:2,1
DA:3,1
DA:4,1
DA:6,1
DA:10,9
DA:12,9
DA:14,9
DA:23,1
DA:31,8
DA:36,5
DA:37,5
DA:39,5
DA:40,1
DA:43,4
DA:44,1
DA:47,3
DA:53,3
DA:54,1
DA:57,2
DA:58,2
DA:59,1
DA:61,1
DA:63,1
DA:65,1
DA:67,1
DA:69,4
DA:74,1
DA:75,1
DA:76,1
DA:77,1
DA:80,0
DA:85,0
DA:88,0
DA:90,0
DA:105,0
DA:107,0
DA:109,1
DA:114,1
LF:39
LH:33
BRDA:39,0,0,1
BRDA:39,0,1,4
BRDA:43,1,0,1
BRDA:43,1,1,3
BRDA:53,2,0,1
BRDA:53,2,1,2
BRDA:58,3,0,1
BRDA:58,3,1,1
BRDA:76,4,0,1
BRDA:76,4,1,0
BRF:10
BRH:9
end_of_record
TN:
SF:helpers/bcrypt.js
FN:3,hashPassword
FN:10,comparePassword
FNF:2
FNH:2
FNDA:5,hashPassword
FNDA:2,comparePassword
DA:1,1
DA:4,5
DA:5,5
DA:7,5
DA:11,2
DA:14,1
LF:6
LH:6
BRF:0
BRH:0
end_of_record
TN:
SF:helpers/jwt.js
FN:3,(anonymous_0)
FN:7,(anonymous_1)
FNF:2
FNH:2
FNDA:4,(anonymous_0)
FNDA:24,(anonymous_1)
DA:1,1
DA:3,1
DA:4,4
DA:7,1
DA:8,24
DA:11,1
LF:6
LH:6
BRF:0
BRH:0
end_of_record
TN:
SF:middlewares/authentication.js
FN:4,authentication
FNF:1
FNH:1
FNDA:31,authentication
DA:1,1
DA:2,1
DA:5,31
DA:6,31
DA:8,31
DA:9,7
DA:12,24
DA:13,24
DA:14,0
DA:17,24
DA:19,21
DA:20,21
DA:21,0
DA:24,21
DA:26,21
DA:28,10
DA:32,1
LF:17
LH:15
BRDA:8,0,0,7
BRDA:8,0,1,24
BRDA:13,1,0,0
BRDA:13,1,1,24
BRDA:13,2,0,24
BRDA:13,2,1,0
BRDA:20,3,0,0
BRDA:20,3,1,21
BRF:8
BRH:5
end_of_record
TN:
SF:middlewares/errorHandler.js
FN:1,errorHandler
FNF:1
FNH:1
FNDA:34,errorHandler
DA:2,34
DA:5,15
DA:6,15
DA:9,3
DA:10,3
DA:13,2
DA:14,2
DA:17,7
DA:18,7
DA:21,3
DA:22,3
DA:25,4
DA:26,4
DA:29,0
DA:30,0
DA:34,1
LF:16
LH:14
BRDA:2,0,0,14
BRDA:2,0,1,15
BRDA:2,0,2,3
BRDA:2,0,3,2
BRDA:2,0,4,7
BRDA:2,0,5,3
BRDA:2,0,6,4
BRDA:2,0,7,0
BRF:8
BRH:7
end_of_record
TN:
SF:models/book.js
FN:3,(anonymous_0)
FN:10,(anonymous_1)
FNF:2
FNH:2
FNDA:1,(anonymous_0)
FNDA:1,(anonymous_1)
DA:2,1
DA:3,1
DA:12,1
DA:15,1
DA:90,1
LF:5
LH:5
BRF:0
BRH:0
end_of_record
TN:
SF:models/genre.js
FN:3,(anonymous_0)
FN:10,(anonymous_1)
FNF:2
FNH:2
FNDA:1,(anonymous_0)
FNDA:1,(anonymous_1)
DA:2,1
DA:3,1
DA:12,1
DA:15,1
DA:35,1
LF:5
LH:5
BRF:0
BRH:0
end_of_record
TN:
SF:models/index.js
FN:25,(anonymous_0)
FN:33,(anonymous_1)
FN:41,(anonymous_2)
FNF:3
FNH:3
FNDA:6,(anonymous_0)
FNDA:5,(anonymous_1)
FNDA:5,(anonymous_2)
DA:3,1
DA:4,1
DA:5,1
DA:6,1
DA:7,1
DA:8,1
DA:9,1
DA:10,1
DA:13,1
DA:14,0
DA:16,1
DA:24,1
DA:26,6
DA:34,5
DA:38,5
DA:41,1
DA:42,5
DA:43,5
DA:47,1
DA:48,1
DA:50,1
LF:21
LH:20
BRDA:8,0,0,1
BRDA:8,0,1,0
BRDA:13,1,0,0
BRDA:13,1,1,1
BRDA:27,2,0,6
BRDA:27,2,1,6
BRDA:27,2,2,5
BRDA:27,2,3,5
BRDA:42,3,0,5
BRDA:42,3,1,0
BRF:10
BRH:7
end_of_record
TN:
SF:models/order.js
FN:3,(anonymous_0)
FN:10,(anonymous_1)
FNF:2
FNH:2
FNDA:1,(anonymous_0)
FNDA:1,(anonymous_1)
DA:2,1
DA:3,1
DA:12,1
DA:13,1
DA:16,1
DA:74,1
LF:6
LH:6
BRF:0
BRH:0
end_of_record
TN:
SF:models/orderitem.js
FN:3,(anonymous_0)
FN:10,(anonymous_1)
FNF:2
FNH:2
FNDA:1,(anonymous_0)
FNDA:1,(anonymous_1)
DA:2,1
DA:3,1
DA:12,1
DA:13,1
DA:16,1
DA:80,1
LF:6
LH:6
BRF:0
BRH:0
end_of_record
TN:
SF:models/user.js
FN:4,(anonymous_0)
FN:11,(anonymous_1)
FN:115,(anonymous_2)
FNF:3
FNH:3
FNDA:1,(anonymous_0)
FNDA:1,(anonymous_1)
FNDA:5,(anonymous_2)
DA:2,1
DA:3,1
DA:4,1
DA:13,1
DA:16,1
DA:116,5
DA:121,1
LF:7
LH:7
BRF:0
BRH:0
end_of_record
TN:
SF:routers/index.js
FNF:0
FNH:0
DA:1,1
DA:2,1
DA:3,1
DA:4,1
DA:5,1
DA:6,1
DA:8,1
DA:9,1
DA:10,1
DA:12,1
DA:14,1
DA:16,1
DA:18,1
DA:20,1
DA:22,1
DA:24,1
DA:26,1
DA:28,1
DA:30,1
DA:32,1
DA:34,1
LF:21
LH:21
BRF:0
BRH:0
end_of_record
